Copyright 1986-2018 Xilinx, Inc. All Rights Reserved.
-----------------------------------------------------------------------------------------------------------------------------------------------------------------------------------------------------------------------------------------
| Tool Version : Vivado v.2018.2 (win64) Build 2258646 Thu Jun 14 20:03:12 MDT 2018
| Date         : Sun May  5 16:35:23 2024
| Host         : Suwasthi running 64-bit major release  (build 9200)
| Command      : report_methodology -file Featured_Nano_Processor_with_7Seg_methodology_drc_routed.rpt -pb Featured_Nano_Processor_with_7Seg_methodology_drc_routed.pb -rpx Featured_Nano_Processor_with_7Seg_methodology_drc_routed.rpx
| Design       : Featured_Nano_Processor_with_7Seg
| Device       : xc7a35tcpg236-1
| Speed File   : -1
| Design State : Routed
-----------------------------------------------------------------------------------------------------------------------------------------------------------------------------------------------------------------------------------------

Report Methodology

Table of Contents
-----------------
1. REPORT SUMMARY
2. REPORT DETAILS

1. REPORT SUMMARY
-----------------
            Netlist: netlist
          Floorplan: design_1
      Design limits: <entire design considered>
             Max violations: <unlimited>
             Violations found: 13
+-----------+----------+-------------------------------+------------+
| Rule      | Severity | Description                   | Violations |
+-----------+----------+-------------------------------+------------+
| TIMING-17 | Warning  | Non-clocked sequential cell   | 12         |
| TIMING-18 | Warning  | Missing input or output delay | 1          |
+-----------+----------+-------------------------------+------------+

2. REPORT DETAILS
-----------------
TIMING-17#1 Warning
Non-clocked sequential cell  
The clock pin Featured_Nano_processor_0/Program_Counter_0/Q_reg[0]/C is not reached by a timing clock
Related violations: <none>

TIMING-17#2 Warning
Non-clocked sequential cell  
The clock pin Featured_Nano_processor_0/Program_Counter_0/Q_reg[1]/C is not reached by a timing clock
Related violations: <none>

TIMING-17#3 Warning
Non-clocked sequential cell  
The clock pin Featured_Nano_processor_0/RegisterBank_0/Register_4bit_2/Q_reg[0]/C is not reached by a timing clock
Related violations: <none>

TIMING-17#4 Warning
Non-clocked sequential cell  
The clock pin Featured_Nano_processor_0/RegisterBank_0/Register_4bit_2/Q_reg[1]/C is not reached by a timing clock
Related violations: <none>

TIMING-17#5 Warning
Non-clocked sequential cell  
The clock pin Featured_Nano_processor_0/RegisterBank_0/Register_4bit_2/Q_reg[2]/C is not reached by a timing clock
Related violations: <none>

TIMING-17#6 Warning
Non-clocked sequential cell  
The clock pin Featured_Nano_processor_0/RegisterBank_0/Register_4bit_2/Q_reg[3]/C is not reached by a timing clock
Related violations: <none>

TIMING-17#7 Warning
Non-clocked sequential cell  
The clock pin Featured_Nano_processor_0/RegisterBank_0/Register_4bit_7/Q_reg[0]/C is not reached by a timing clock
Related violations: <none>

TIMING-17#8 Warning
Non-clocked sequential cell  
The clock pin Featured_Nano_processor_0/RegisterBank_0/Register_4bit_7/Q_reg[1]/C is not reached by a timing clock
Related violations: <none>

TIMING-17#9 Warning
Non-clocked sequential cell  
The clock pin Featured_Nano_processor_0/RegisterBank_0/Register_4bit_7/Q_reg[2]/C is not reached by a timing clock
Related violations: <none>

TIMING-17#10 Warning
Non-clocked sequential cell  
The clock pin Featured_Nano_processor_0/RegisterBank_0/Register_4bit_7/Q_reg[2]_lopt_replica/C is not reached by a timing clock
Related violations: <none>

TIMING-17#11 Warning
Non-clocked sequential cell  
The clock pin Featured_Nano_processor_0/RegisterBank_0/Register_4bit_7/Q_reg[3]/C is not reached by a timing clock
Related violations: <none>

TIMING-17#12 Warning
Non-clocked sequential cell  
The clock pin Featured_Nano_processor_0/RegisterBank_0/Register_4bit_7/Q_reg[3]_lopt_replica/C is not reached by a timing clock
Related violations: <none>

TIMING-18#1 Warning
Missing input or output delay  
An input delay is missing on Reset relative to clock(s) sys_clk_pin
Related violations: <none>


